Traceback (most recent call last):
  File "/home/sqhj/projects/SattLint/artifacts/tmp/check_kahaxdilutelib_usage.py", line 11, in <module>
    bp, graph = load_project(
                ~~~~~~~~~~~~^
        cfg,
        ^^^^
    ...<11 lines>...
        status_update_fn=None,
        ^^^^^^^^^^^^^^^^^^^^^^
    )
    ^
  File "/home/sqhj/projects/SattLint/src/sattlint/_app_analysis_loading.py", line 172, in load_project
    graph = loader.resolve(selected_target, strict=False)
  File "/home/sqhj/projects/SattLint/src/sattlint/engine.py", line 815, in resolve
    self._visit(root_name, graph, strict, requester_dir=self.program_dir, syntax_check=syntax_check)
    ~~~~~~~~~~~^^^^^^^^^^^^^^^^^^^^^^^^^^^^^^^^^^^^^^^^^^^^^^^^^^^^^^^^^^^^^^^^^^^^^^^^^^^^^^^^^^^^^
  File "/home/sqhj/projects/SattLint/src/sattlint/engine.py", line 928, in _visit
    self._visit(dep, graph, strict, requester_dir=dependency_requester, syntax_check=syntax_check)
    ~~~~~~~~~~~^^^^^^^^^^^^^^^^^^^^^^^^^^^^^^^^^^^^^^^^^^^^^^^^^^^^^^^^^^^^^^^^^^^^^^^^^^^^^^^^^^^
  File "/home/sqhj/projects/SattLint/src/sattlint/engine.py", line 928, in _visit
    self._visit(dep, graph, strict, requester_dir=dependency_requester, syntax_check=syntax_check)
    ~~~~~~~~~~~^^^^^^^^^^^^^^^^^^^^^^^^^^^^^^^^^^^^^^^^^^^^^^^^^^^^^^^^^^^^^^^^^^^^^^^^^^^^^^^^^^^
  File "/home/sqhj/projects/SattLint/src/sattlint/engine.py", line 928, in _visit
    self._visit(dep, graph, strict, requester_dir=dependency_requester, syntax_check=syntax_check)
    ~~~~~~~~~~~^^^^^^^^^^^^^^^^^^^^^^^^^^^^^^^^^^^^^^^^^^^^^^^^^^^^^^^^^^^^^^^^^^^^^^^^^^^^^^^^^^^
  [Previous line repeated 1 more time]
  File "/home/sqhj/projects/SattLint/src/sattlint/engine.py", line 976, in _visit
    if _attach_graphics_companion(
       ~~~~~~~~~~~~~~~~~~~~~~~~~~^
        bp,
        ^^^
    ...<3 lines>...
        owner_name=name,
        ^^^^^^^^^^^^^^^^
    ):
    ^
  File "/home/sqhj/projects/SattLint/src/sattlint/_engine_graphics_helpers.py", line 187, in attach_graphics_companion
    for warning in picture_display_path_warnings(
                   ~~~~~~~~~~~~~~~~~~~~~~~~~~~~~^
        bp,
        ^^^
        tuple(getattr(bp, "graphics_picture_display_occurrences", ())),
        ^^^^^^^^^^^^^^^^^^^^^^^^^^^^^^^^^^^^^^^^^^^^^^^^^^^^^^^^^^^^^^^
        graph=graph,
        ^^^^^^^^^^^^
    ):
    ^
  File "/home/sqhj/projects/SattLint/src/sattlint/_engine_graphics_helpers.py", line 138, in picture_display_path_warnings
    diagnostics = diagnose_picture_display_paths(base_picture, occurrences, graph=graph)
  File "/home/sqhj/projects/SattLint/src/sattlint/picture_display_paths.py", line 122, in diagnose_picture_display_paths
    resolution = resolve_picture_display_path(
        path_row.raw_text,
    ...<4 lines>...
        _runtime_trees=runtime_trees,
    )
  File "/home/sqhj/projects/SattLint/src/sattlint/picture_display_paths.py", line 189, in resolve_picture_display_path
    current = root if program_name.casefold() != base_picture.header.name.casefold() else _find_node(root, module_path)
                                                                                          ~~~~~~~~~~^^^^^^^^^^^^^^^^^^^
  File "/home/sqhj/projects/SattLint/src/sattlint/picture_display_paths.py", line 685, in _find_node
    match = _find_node(child, path)
  File "/home/sqhj/projects/SattLint/src/sattlint/picture_display_paths.py", line 685, in _find_node
    match = _find_node(child, path)
  File "/home/sqhj/projects/SattLint/src/sattlint/picture_display_paths.py", line 681, in _find_node
    lowered_path = tuple(segment.casefold() for segment in path)
                   ^^^^^
  File "/home/sqhj/projects/SattLint/src/sattlint/picture_display_paths.py", line 681, in <genexpr>
    lowered_path = tuple(segment.casefold() for segment in path)
                         ~~~~~~~~~~~~~~~~^^
KeyboardInterrupt
